Using pre-set license
Built from '2022.3/staging' branch; Version is '2022.3.27f1 (73effa14754f) revision 7598074'; Using compiler version '192829333'; Build Type 'Release'
OS: 'Windows 10  (10.0.19045) 64bit Professional' Language: 'en' Physical Memory: 8064 MB
BatchMode: 1, IsHumanControllingUs: 0, StartBugReporterOnCrash: 0, Is64bit: 1, IsPro: 1

COMMAND LINE ARGUMENTS:
C:\Program Files\Unity Hub\2022.3.27f1\Editor\Unity.exe
-adb2
-batchMode
-noUpm
-name
AssetImportWorker0
-projectPath
E:/DEBI/unity/animation_attack
-logFile
Logs/AssetImportWorker0.log
-srvPort
53342
Successfully changed project path to: E:/DEBI/unity/animation_attack
E:/DEBI/unity/animation_attack
[UnityMemory] Configuration Parameters - Can be set up in boot.config
    "memorysetup-bucket-allocator-granularity=16"
    "memorysetup-bucket-allocator-bucket-count=8"
    "memorysetup-bucket-allocator-block-size=33554432"
    "memorysetup-bucket-allocator-block-count=8"
    "memorysetup-main-allocator-block-size=16777216"
    "memorysetup-thread-allocator-block-size=16777216"
    "memorysetup-gfx-main-allocator-block-size=16777216"
    "memorysetup-gfx-thread-allocator-block-size=16777216"
    "memorysetup-cache-allocator-block-size=4194304"
    "memorysetup-typetree-allocator-block-size=2097152"
    "memorysetup-profiler-bucket-allocator-granularity=16"
    "memorysetup-profiler-bucket-allocator-bucket-count=8"
    "memorysetup-profiler-bucket-allocator-block-size=33554432"
    "memorysetup-profiler-bucket-allocator-block-count=8"
    "memorysetup-profiler-allocator-block-size=16777216"
    "memorysetup-profiler-editor-allocator-block-size=1048576"
    "memorysetup-temp-allocator-size-main=16777216"
    "memorysetup-job-temp-allocator-block-size=2097152"
    "memorysetup-job-temp-allocator-block-size-background=1048576"
    "memorysetup-job-temp-allocator-reduction-small-platforms=262144"
    "memorysetup-allocator-temp-initial-block-size-main=262144"
    "memorysetup-allocator-temp-initial-block-size-worker=262144"
    "memorysetup-temp-allocator-size-background-worker=32768"
    "memorysetup-temp-allocator-size-job-worker=262144"
    "memorysetup-temp-allocator-size-preload-manager=33554432"
    "memorysetup-temp-allocator-size-nav-mesh-worker=65536"
    "memorysetup-temp-allocator-size-audio-worker=65536"
    "memorysetup-temp-allocator-size-cloud-worker=32768"
    "memorysetup-temp-allocator-size-gi-baking-worker=262144"
    "memorysetup-temp-allocator-size-gfx=262144"
Player connection [18336] Host "[IP] 192.168.1.8 [Port] 0 [Flags] 2 [Guid] 165648331 [EditorId] 165648331 [Version] 1048832 [Id] WindowsEditor(7,DESKTOP-897APN4) [Debug] 1 [PackageName] WindowsEditor [ProjectName] Editor" joined multi-casting on [225.0.0.222:54997]...

Player connection [18336] Host "[IP] 192.168.1.8 [Port] 0 [Flags] 2 [Guid] 165648331 [EditorId] 165648331 [Version] 1048832 [Id] WindowsEditor(7,DESKTOP-897APN4) [Debug] 1 [PackageName] WindowsEditor [ProjectName] Editor" joined alternative multi-casting on [225.0.0.222:34997]...

[Physics::Module] Initialized MultithreadedJobDispatcher with 7 workers.
Refreshing native plugins compatible for Editor in 367.63 ms, found 3 plugins.
Preloading 0 native plugins for Editor in 0.00 ms.
Initialize engine version: 2022.3.27f1 (73effa14754f)
[Subsystems] Discovering subsystems at path C:/Program Files/Unity Hub/2022.3.27f1/Editor/Data/Resources/UnitySubsystems
[Subsystems] Discovering subsystems at path E:/DEBI/unity/animation_attack/Assets
GfxDevice: creating device client; threaded=0; jobified=0
Direct3D:
    Version:  Direct3D 11.0 [level 11.0]
    Renderer: NVIDIA GeForce MX130 (ID=0x174d)
    Vendor:   NVIDIA
    VRAM:     4054 MB
    Driver:   31.0.15.3667
Initialize mono
Mono path[0] = 'C:/Program Files/Unity Hub/2022.3.27f1/Editor/Data/Managed'
Mono path[1] = 'C:/Program Files/Unity Hub/2022.3.27f1/Editor/Data/MonoBleedingEdge/lib/mono/unityjit-win32'
Mono config path = 'C:/Program Files/Unity Hub/2022.3.27f1/Editor/Data/MonoBleedingEdge/etc'
Using monoOptions --debugger-agent=transport=dt_socket,embedding=1,server=y,suspend=n,address=127.0.0.1:56956
Begin MonoManager ReloadAssembly
Registering precompiled unity dll's ...
Register platform support module: C:/Program Files/Unity Hub/2022.3.27f1/Editor/Data/PlaybackEngines/WebGLSupport/UnityEditor.WebGL.Extensions.dll
Register platform support module: C:/Program Files/Unity Hub/2022.3.27f1/Editor/Data/PlaybackEngines/WindowsStandaloneSupport/UnityEditor.WindowsStandalone.Extensions.dll
Registered in 0.016122 seconds.
- Loaded All Assemblies, in  0.635 seconds
Native extension for WindowsStandalone target not found
Native extension for WebGL target not found
Mono: successfully reloaded assembly
- Finished resetting the current domain, in  0.444 seconds
Domain Reload Profiling: 1076ms
	BeginReloadAssembly (243ms)
		ExecutionOrderSort (0ms)
		DisableScriptedObjects (0ms)
		BackupInstance (0ms)
		ReleaseScriptingObjects (0ms)
		CreateAndSetChildDomain (1ms)
	RebuildCommonClasses (51ms)
	RebuildNativeTypeToScriptingClass (14ms)
	initialDomainReloadingComplete (93ms)
	LoadAllAssembliesAndSetupDomain (231ms)
		LoadAssemblies (238ms)
		RebuildTransferFunctionScriptingTraits (0ms)
		AnalyzeDomain (227ms)
			TypeCache.Refresh (225ms)
				TypeCache.ScanAssembly (200ms)
			ScanForSourceGeneratedMonoScriptInfo (1ms)
			ResolveRequiredComponents (0ms)
	FinalizeReload (444ms)
		ReleaseScriptCaches (0ms)
		RebuildScriptCaches (0ms)
		SetupLoadedEditorAssemblies (358ms)
			LogAssemblyErrors (0ms)
			InitializePlatformSupportModulesInManaged (15ms)
			SetLoadedEditorAssemblies (7ms)
			RefreshPlugins (0ms)
			BeforeProcessingInitializeOnLoad (4ms)
			ProcessInitializeOnLoadAttributes (220ms)
			ProcessInitializeOnLoadMethodAttributes (111ms)
			AfterProcessingInitializeOnLoad (0ms)
			EditorAssembliesLoaded (0ms)
		ExecutionOrderSort2 (0ms)
		AwakeInstancesAfterBackupRestoration (0ms)
========================================================================
Worker process is ready to serve import requests
Begin MonoManager ReloadAssembly
- Loaded All Assemblies, in  2.071 seconds
Refreshing native plugins compatible for Editor in 4.15 ms, found 3 plugins.
Native extension for WindowsStandalone target not found
Native extension for WebGL target not found
Package Manager log level set to [2]
[Package Manager] Server::EnsureServerProcessIsRunning -- launch failed, reason: Unity was launched with the -noUpm command-line argument
[Package Manager] UpmClient::Send -- Unable to send message (not connected to UPM process).
[Package Manager] Cannot connect to Unity Package Manager local server
Mono: successfully reloaded assembly
- Finished resetting the current domain, in  1.698 seconds
Domain Reload Profiling: 3765ms
	BeginReloadAssembly (314ms)
		ExecutionOrderSort (0ms)
		DisableScriptedObjects (12ms)
		BackupInstance (0ms)
		ReleaseScriptingObjects (0ms)
		CreateAndSetChildDomain (43ms)
	RebuildCommonClasses (59ms)
	RebuildNativeTypeToScriptingClass (23ms)
	initialDomainReloadingComplete (69ms)
	LoadAllAssembliesAndSetupDomain (1601ms)
		LoadAssemblies (1331ms)
		RebuildTransferFunctionScriptingTraits (0ms)
		AnalyzeDomain (447ms)
			TypeCache.Refresh (394ms)
				TypeCache.ScanAssembly (354ms)
			ScanForSourceGeneratedMonoScriptInfo (37ms)
			ResolveRequiredComponents (13ms)
	FinalizeReload (1699ms)
		ReleaseScriptCaches (0ms)
		RebuildScriptCaches (0ms)
		SetupLoadedEditorAssemblies (1333ms)
			LogAssemblyErrors (0ms)
			InitializePlatformSupportModulesInManaged (19ms)
			SetLoadedEditorAssemblies (8ms)
			RefreshPlugins (0ms)
			BeforeProcessingInitializeOnLoad (151ms)
			ProcessInitializeOnLoadAttributes (1067ms)
			ProcessInitializeOnLoadMethodAttributes (65ms)
			AfterProcessingInitializeOnLoad (22ms)
			EditorAssembliesLoaded (0ms)
		ExecutionOrderSort2 (0ms)
		AwakeInstancesAfterBackupRestoration (19ms)
Launched and connected shader compiler UnityShaderCompiler.exe after 0.16 seconds
Refreshing native plugins compatible for Editor in 7.63 ms, found 3 plugins.
Preloading 0 native plugins for Editor in 0.00 ms.
Unloading 3099 Unused Serialized files (Serialized files now loaded: 0)
Unloading 33 unused Assets / (57.6 KB). Loaded Objects now: 3561.
Memory consumption went from 123.0 MB to 123.0 MB.
Total: 7.368600 ms (FindLiveObjects: 0.498600 ms CreateObjectMapping: 0.465600 ms MarkObjects: 6.160000 ms  DeleteObjects: 0.242600 ms)

AssetImportParameters requested are different than current active one (requested -> active):
  custom:container-demuxer-ogg: 62fdf1f143b41e24485cea50d1cbac27 -> 
  custom:video-decoder-ogg-theora: a1e56fd34408186e4bbccfd4996cb3dc -> 
  custom:framework-win-MediaFoundation: 216162199b28c13a410421893ffa2e32 -> 
  custom:CustomObjectIndexerAttribute: 9a22284fe3817be447336de3de66b15e -> 
  custom:container-demuxer-webm: 4f35f7cbe854078d1ac9338744f61a02 -> 
  custom:container-muxer-webm: aa71ff27fc2769a1b78a27578f13a17b -> 
  custom:video-decoder-webm-vp8: 9c59270c3fd7afecdb556c50c9e8de78 -> 
  custom:SearchIndexIgnoredProperties: e643bd26f0fe6173181afceb89e7c659 -> 
  custom:AudioImporter_EditorPlatform: d09bf68614088b80899f8185d706f6e7 -> 
  custom:video-encoder-webm-vp8: eb34c28f22e8b96e1ab97ce403110664 -> 
  custom:audio-decoder-ogg-vorbis: bf7c407c2cedff20999df2af8eb42d56 -> 
  custom:audio-encoder-webm-vorbis: bf7c407c2cedff20999df2af8eb42d56 -> 
========================================================================
Received Import Request.
  Time since last request: 442162.106803 seconds.
  path: Assets/Supercyan Character Pack Zombie Sample/Materials/Mobile/free_zombie_head_low.mat
  artifactKey: Guid(a8082d046318c0a4bb0162606364b597) Importer(815301076,1909f56bfc062723c751e8b465ee728b)
Start importing Assets/Supercyan Character Pack Zombie Sample/Materials/Mobile/free_zombie_head_low.mat using Guid(a8082d046318c0a4bb0162606364b597) Importer(815301076,1909f56bfc062723c751e8b465ee728b)  -> (artifact id: '6ee8d854b8097c10a816f6721e24bfe4') in 0.434565 seconds
Number of updated asset objects reloaded before import = 0
Number of asset objects unloaded after import = 2
========================================================================
Received Import Request.
  Time since last request: 0.000119 seconds.
  path: Assets/Supercyan Character Pack Zombie Sample/Materials/Mobile/free_zombie_body_low.mat
  artifactKey: Guid(a67006042548d954e9e630c46922dc39) Importer(815301076,1909f56bfc062723c751e8b465ee728b)
Start importing Assets/Supercyan Character Pack Zombie Sample/Materials/Mobile/free_zombie_body_low.mat using Guid(a67006042548d954e9e630c46922dc39) Importer(815301076,1909f56bfc062723c751e8b465ee728b)  -> (artifact id: 'd58d011157065073e52d18964ad7d44a') in 0.032245 seconds
Number of updated asset objects reloaded before import = 0
Number of asset objects unloaded after import = 2
========================================================================
Received Import Request.
  Time since last request: 6.363864 seconds.
  path: Assets/Supercyan Character Pack Zombie Sample/Animations
  artifactKey: Guid(11ff4b2e21b8aa64aa52aafea4be4985) Importer(815301076,1909f56bfc062723c751e8b465ee728b)
Start importing Assets/Supercyan Character Pack Zombie Sample/Animations using Guid(11ff4b2e21b8aa64aa52aafea4be4985) Importer(815301076,1909f56bfc062723c751e8b465ee728b)  -> (artifact id: '66c35ad4ba182e593ff0c1522275e30e') in 0.000760 seconds
Number of updated asset objects reloaded before import = 0
Number of asset objects unloaded after import = 0
========================================================================
Received Import Request.
  Time since last request: 0.153459 seconds.
  path: Assets/Supercyan Character Pack Zombie Sample/Animations/free_sample_zombie@zombie_attack.FBX
  artifactKey: Guid(31c1a2a498086974eaa9d10c7f42d24d) Importer(815301076,1909f56bfc062723c751e8b465ee728b)
Start importing Assets/Supercyan Character Pack Zombie Sample/Animations/free_sample_zombie@zombie_attack.FBX using Guid(31c1a2a498086974eaa9d10c7f42d24d) Importer(815301076,1909f56bfc062723c751e8b465ee728b)  -> (artifact id: 'fc715b9971857dc9ca51d92d4ce5f8e1') in 0.019860 seconds
Number of updated asset objects reloaded before import = 0
Number of asset objects unloaded after import = 61
========================================================================
Received Import Request.
  Time since last request: 0.000038 seconds.
  path: Assets/Supercyan Character Pack Zombie Sample/Animations/free_sample_zombie@zombie_walk_backwards.FBX
  artifactKey: Guid(170ca84ebfa7e0e42ba6f49d42cd0c51) Importer(815301076,1909f56bfc062723c751e8b465ee728b)
Start importing Assets/Supercyan Character Pack Zombie Sample/Animations/free_sample_zombie@zombie_walk_backwards.FBX using Guid(170ca84ebfa7e0e42ba6f49d42cd0c51) Importer(815301076,1909f56bfc062723c751e8b465ee728b)  -> (artifact id: '9fd2c7a2733aafa89ff997a9274084c6') in 0.005462 seconds
Number of updated asset objects reloaded before import = 0
Number of asset objects unloaded after import = 61
========================================================================
Received Import Request.
  Time since last request: 42.675709 seconds.
  path: Assets/Supercyan Character Pack Zombie Sample/Prefabs
  artifactKey: Guid(32fcfbac277f4a9469bbe5363f81f911) Importer(815301076,1909f56bfc062723c751e8b465ee728b)
Start importing Assets/Supercyan Character Pack Zombie Sample/Prefabs using Guid(32fcfbac277f4a9469bbe5363f81f911) Importer(815301076,1909f56bfc062723c751e8b465ee728b)  -> (artifact id: 'c9d6b3bf33e0456e5072687ac80207e2') in 0.000735 seconds
Number of updated asset objects reloaded before import = 0
Number of asset objects unloaded after import = 0
========================================================================
Received Import Request.
  Time since last request: 1.099446 seconds.
  path: Assets/Supercyan Character Pack Zombie Sample/Prefabs/SimpleMovement
  artifactKey: Guid(e77aed1e4c0701c4fa932f1e9c908208) Importer(815301076,1909f56bfc062723c751e8b465ee728b)
Start importing Assets/Supercyan Character Pack Zombie Sample/Prefabs/SimpleMovement using Guid(e77aed1e4c0701c4fa932f1e9c908208) Importer(815301076,1909f56bfc062723c751e8b465ee728b)  -> (artifact id: '9f24cafbcc560d64a195c74c3ed3b43f') in 0.000478 seconds
Number of updated asset objects reloaded before import = 0
Number of asset objects unloaded after import = 0
========================================================================
Received Import Request.
  Time since last request: 0.852315 seconds.
  path: Assets/Supercyan Character Pack Zombie Sample/Prefabs/Base
  artifactKey: Guid(ff96ec8e6bf101c4289d8e01213f420b) Importer(815301076,1909f56bfc062723c751e8b465ee728b)
Start importing Assets/Supercyan Character Pack Zombie Sample/Prefabs/Base using Guid(ff96ec8e6bf101c4289d8e01213f420b) Importer(815301076,1909f56bfc062723c751e8b465ee728b)  -> (artifact id: '378ff07347d39bd331f0e29f1952ffb8') in 0.001248 seconds
Number of updated asset objects reloaded before import = 0
Number of asset objects unloaded after import = 0
========================================================================
Received Import Request.
  Time since last request: 0.855651 seconds.
  path: Assets/Supercyan Character Pack Zombie Sample/Prefabs/Base/Mobile
  artifactKey: Guid(795770296542fe340afe4994384ca9ee) Importer(815301076,1909f56bfc062723c751e8b465ee728b)
Start importing Assets/Supercyan Character Pack Zombie Sample/Prefabs/Base/Mobile using Guid(795770296542fe340afe4994384ca9ee) Importer(815301076,1909f56bfc062723c751e8b465ee728b)  -> (artifact id: '0459d548aa346ac8a54245414abf8ae7') in 0.001402 seconds
Number of updated asset objects reloaded before import = 0
Number of asset objects unloaded after import = 0
========================================================================
Received Import Request.
  Time since last request: 8.446651 seconds.
  path: Assets/Supercyan Character Pack Zombie Sample/Scenes
  artifactKey: Guid(8e2b405c7e097ab4fba3124673ee638f) Importer(815301076,1909f56bfc062723c751e8b465ee728b)
Start importing Assets/Supercyan Character Pack Zombie Sample/Scenes using Guid(8e2b405c7e097ab4fba3124673ee638f) Importer(815301076,1909f56bfc062723c751e8b465ee728b)  -> (artifact id: 'c3db6c2580e0878bbe2e8f51d08b3964') in 0.000802 seconds
Number of updated asset objects reloaded before import = 0
Number of asset objects unloaded after import = 0
========================================================================
Received Import Request.
  Time since last request: 7.957866 seconds.
  path: Assets/Supercyan Character Pack Zombie Sample/Shaders
  artifactKey: Guid(184395457a6672944b9183a0dbb28ea1) Importer(815301076,1909f56bfc062723c751e8b465ee728b)
Start importing Assets/Supercyan Character Pack Zombie Sample/Shaders using Guid(184395457a6672944b9183a0dbb28ea1) Importer(815301076,1909f56bfc062723c751e8b465ee728b)  -> (artifact id: 'b7675b8a27ad5542f307d9f7863a74e9') in 0.001291 seconds
Number of updated asset objects reloaded before import = 0
Number of asset objects unloaded after import = 0
========================================================================
Received Import Request.
  Time since last request: 0.045376 seconds.
  path: Assets/Supercyan Character Pack Zombie Sample/Shaders/SupercyanShaderLighting.cginc
  artifactKey: Guid(2dc637ea7be068d4eabe477f8c6ddf2c) Importer(815301076,1909f56bfc062723c751e8b465ee728b)
Start importing Assets/Supercyan Character Pack Zombie Sample/Shaders/SupercyanShaderLighting.cginc using Guid(2dc637ea7be068d4eabe477f8c6ddf2c) Importer(815301076,1909f56bfc062723c751e8b465ee728b)  -> (artifact id: '6bdb927f6b51d644bec843bfd0cae3eb') in 0.003101 seconds
Number of updated asset objects reloaded before import = 0
Number of asset objects unloaded after import = 1
========================================================================
Received Import Request.
  Time since last request: 3.428520 seconds.
  path: Assets/Supercyan Character Pack Zombie Sample/Textures
  artifactKey: Guid(ad6093b3d8b93174fba7e575ca5ed627) Importer(815301076,1909f56bfc062723c751e8b465ee728b)
Start importing Assets/Supercyan Character Pack Zombie Sample/Textures using Guid(ad6093b3d8b93174fba7e575ca5ed627) Importer(815301076,1909f56bfc062723c751e8b465ee728b)  -> (artifact id: '74525f090607c1b3058dbecc8da53693') in 0.000730 seconds
Number of updated asset objects reloaded before import = 0
Number of asset objects unloaded after import = 0
========================================================================
Received Import Request.
  Time since last request: 1.146886 seconds.
  path: Assets/Supercyan Character Pack Zombie Sample/Scripts
  artifactKey: Guid(2011d135dfc132b42b7cae04447cb1e3) Importer(815301076,1909f56bfc062723c751e8b465ee728b)
Start importing Assets/Supercyan Character Pack Zombie Sample/Scripts using Guid(2011d135dfc132b42b7cae04447cb1e3) Importer(815301076,1909f56bfc062723c751e8b465ee728b)  -> (artifact id: 'c88074b0ab04488efa5d073cdd5b719e') in 0.000600 seconds
Number of updated asset objects reloaded before import = 0
Number of asset objects unloaded after import = 0
========================================================================
Received Import Request.
  Time since last request: 9.583804 seconds.
  path: Assets/Supercyan Character Pack Zombie Sample/AnimatorControllers
  artifactKey: Guid(f5fc19ef1133f6a4ab7dadf5b2f61d44) Importer(815301076,1909f56bfc062723c751e8b465ee728b)
Start importing Assets/Supercyan Character Pack Zombie Sample/AnimatorControllers using Guid(f5fc19ef1133f6a4ab7dadf5b2f61d44) Importer(815301076,1909f56bfc062723c751e8b465ee728b)  -> (artifact id: '1d81ab85d7d40896a23b8f95e8957d2c') in 0.000419 seconds
Number of updated asset objects reloaded before import = 0
Number of asset objects unloaded after import = 0
========================================================================
Received Import Request.
  Time since last request: 71.368288 seconds.
  path: Assets/Creature NPC Pack/animations/Ch44_nonPBR.controller
  artifactKey: Guid(a991db4daf8f623418903bf3a33b6ab6) Importer(815301076,1909f56bfc062723c751e8b465ee728b)
Start importing Assets/Creature NPC Pack/animations/Ch44_nonPBR.controller using Guid(a991db4daf8f623418903bf3a33b6ab6) Importer(815301076,1909f56bfc062723c751e8b465ee728b)  -> (artifact id: 'ab275bd27db01b29927648f5658b2587') in 0.032809 seconds
Number of updated asset objects reloaded before import = 0
Number of asset objects unloaded after import = 35
========================================================================
Received Import Request.
  Time since last request: 29.491536 seconds.
  path: Assets/Supercyan Character Pack Zombie Sample/Prefabs/Base/High Quality
  artifactKey: Guid(0781965ec0a570641b87b1951d472fcb) Importer(815301076,1909f56bfc062723c751e8b465ee728b)
Start importing Assets/Supercyan Character Pack Zombie Sample/Prefabs/Base/High Quality using Guid(0781965ec0a570641b87b1951d472fcb) Importer(815301076,1909f56bfc062723c751e8b465ee728b)  -> (artifact id: '57a1b71cb35f5d815b1544b5b6fc251e') in 0.000594 seconds
Number of updated asset objects reloaded before import = 0
Number of asset objects unloaded after import = 0
========================================================================
Received Import Request.
  Time since last request: 0.065365 seconds.
  path: Assets/Supercyan Character Pack Zombie Sample/Prefabs/Base/High Quality/FreeZombie.prefab
  artifactKey: Guid(0c74bed2ad49fad4d94fca86441ad49f) Importer(815301076,1909f56bfc062723c751e8b465ee728b)
Start importing Assets/Supercyan Character Pack Zombie Sample/Prefabs/Base/High Quality/FreeZombie.prefab using Guid(0c74bed2ad49fad4d94fca86441ad49f) Importer(815301076,1909f56bfc062723c751e8b465ee728b)  -> (artifact id: 'f46aa19ee273afa7281c139fbd8b3dba') in 0.187226 seconds
Number of updated asset objects reloaded before import = 0
Number of asset objects unloaded after import = 70
========================================================================
Received Import Request.
  Time since last request: 60.907987 seconds.
  path: Assets/Supercyan Character Pack Zombie Sample/Prefabs/SimpleMovement/High Quality/FreeZombieSimpleMovement.prefab
  artifactKey: Guid(a8145fd98e506094980d05080bde9072) Importer(815301076,1909f56bfc062723c751e8b465ee728b)
Start importing Assets/Supercyan Character Pack Zombie Sample/Prefabs/SimpleMovement/High Quality/FreeZombieSimpleMovement.prefab using Guid(a8145fd98e506094980d05080bde9072) Importer(815301076,1909f56bfc062723c751e8b465ee728b)  -> (artifact id: '29aff4634271c93bf85f38e880e660f1') in 0.032032 seconds
Number of updated asset objects reloaded before import = 0
Number of asset objects unloaded after import = 82
========================================================================
Received Prepare
Begin MonoManager ReloadAssembly
- Loaded All Assemblies, in  0.531 seconds
Refreshing native plugins compatible for Editor in 4.05 ms, found 3 plugins.
Native extension for WindowsStandalone target not found
Native extension for WebGL target not found
[Package Manager] Server::EnsureServerProcessIsRunning -- launch failed, reason: Unity was launched with the -noUpm command-line argument
[Package Manager] UpmClient::Send -- Unable to send message (not connected to UPM process).
[Package Manager] Cannot connect to Unity Package Manager local server
Mono: successfully reloaded assembly
- Finished resetting the current domain, in  0.940 seconds
Domain Reload Profiling: 1469ms
	BeginReloadAssembly (176ms)
		ExecutionOrderSort (0ms)
		DisableScriptedObjects (4ms)
		BackupInstance (0ms)
		ReleaseScriptingObjects (0ms)
		CreateAndSetChildDomain (36ms)
	RebuildCommonClasses (40ms)
	RebuildNativeTypeToScriptingClass (12ms)
	initialDomainReloadingComplete (37ms)
	LoadAllAssembliesAndSetupDomain (263ms)
		LoadAssemblies (338ms)
		RebuildTransferFunctionScriptingTraits (0ms)
		AnalyzeDomain (29ms)
			TypeCache.Refresh (11ms)
				TypeCache.ScanAssembly (0ms)
			ScanForSourceGeneratedMonoScriptInfo (12ms)
			ResolveRequiredComponents (6ms)
	FinalizeReload (941ms)
		ReleaseScriptCaches (0ms)
		RebuildScriptCaches (0ms)
		SetupLoadedEditorAssemblies (428ms)
			LogAssemblyErrors (0ms)
			InitializePlatformSupportModulesInManaged (8ms)
			SetLoadedEditorAssemblies (4ms)
			RefreshPlugins (0ms)
			BeforeProcessingInitializeOnLoad (58ms)
			ProcessInitializeOnLoadAttributes (325ms)
			ProcessInitializeOnLoadMethodAttributes (24ms)
			AfterProcessingInitializeOnLoad (8ms)
			EditorAssembliesLoaded (0ms)
		ExecutionOrderSort2 (0ms)
		AwakeInstancesAfterBackupRestoration (8ms)
Refreshing native plugins compatible for Editor in 2.61 ms, found 3 plugins.
Preloading 0 native plugins for Editor in 0.00 ms.
Unloading 3086 Unused Serialized files (Serialized files now loaded: 0)
Unloading 27 unused Assets / (33.2 KB). Loaded Objects now: 3605.
Memory consumption went from 127.8 MB to 127.8 MB.
Total: 2.738800 ms (FindLiveObjects: 0.331800 ms CreateObjectMapping: 0.246400 ms MarkObjects: 2.098800 ms  DeleteObjects: 0.060800 ms)

Prepare: number of updated asset objects reloaded= 2
AssetImportParameters requested are different than current active one (requested -> active):
  custom:container-demuxer-ogg: 62fdf1f143b41e24485cea50d1cbac27 -> 
  custom:video-decoder-ogg-theora: a1e56fd34408186e4bbccfd4996cb3dc -> 
  custom:framework-win-MediaFoundation: 216162199b28c13a410421893ffa2e32 -> 
  custom:CustomObjectIndexerAttribute: 9a22284fe3817be447336de3de66b15e -> 
  custom:container-demuxer-webm: 4f35f7cbe854078d1ac9338744f61a02 -> 
  custom:container-muxer-webm: aa71ff27fc2769a1b78a27578f13a17b -> 
  custom:video-decoder-webm-vp8: 9c59270c3fd7afecdb556c50c9e8de78 -> 
  custom:SearchIndexIgnoredProperties: e643bd26f0fe6173181afceb89e7c659 -> 
  custom:AudioImporter_EditorPlatform: d09bf68614088b80899f8185d706f6e7 -> 
  custom:video-encoder-webm-vp8: eb34c28f22e8b96e1ab97ce403110664 -> 
  custom:audio-decoder-ogg-vorbis: bf7c407c2cedff20999df2af8eb42d56 -> 
  custom:audio-encoder-webm-vorbis: bf7c407c2cedff20999df2af8eb42d56 -> 
========================================================================
Received Prepare
Begin MonoManager ReloadAssembly
- Loaded All Assemblies, in  0.541 seconds
Refreshing native plugins compatible for Editor in 2.08 ms, found 3 plugins.
Native extension for WindowsStandalone target not found
Native extension for WebGL target not found
[Package Manager] Server::EnsureServerProcessIsRunning -- launch failed, reason: Unity was launched with the -noUpm command-line argument
[Package Manager] UpmClient::Send -- Unable to send message (not connected to UPM process).
[Package Manager] Cannot connect to Unity Package Manager local server
Mono: successfully reloaded assembly
- Finished resetting the current domain, in  0.921 seconds
Domain Reload Profiling: 1459ms
	BeginReloadAssembly (180ms)
		ExecutionOrderSort (0ms)
		DisableScriptedObjects (6ms)
		BackupInstance (0ms)
		ReleaseScriptingObjects (0ms)
		CreateAndSetChildDomain (36ms)
	RebuildCommonClasses (40ms)
	RebuildNativeTypeToScriptingClass (19ms)
	initialDomainReloadingComplete (34ms)
	LoadAllAssembliesAndSetupDomain (264ms)
		LoadAssemblies (337ms)
		RebuildTransferFunctionScriptingTraits (0ms)
		AnalyzeDomain (28ms)
			TypeCache.Refresh (14ms)
				TypeCache.ScanAssembly (0ms)
			ScanForSourceGeneratedMonoScriptInfo (7ms)
			ResolveRequiredComponents (6ms)
	FinalizeReload (921ms)
		ReleaseScriptCaches (0ms)
		RebuildScriptCaches (0ms)
		SetupLoadedEditorAssemblies (446ms)
			LogAssemblyErrors (0ms)
			InitializePlatformSupportModulesInManaged (11ms)
			SetLoadedEditorAssemblies (3ms)
			RefreshPlugins (0ms)
			BeforeProcessingInitializeOnLoad (65ms)
			ProcessInitializeOnLoadAttributes (323ms)
			ProcessInitializeOnLoadMethodAttributes (32ms)
			AfterProcessingInitializeOnLoad (12ms)
			EditorAssembliesLoaded (0ms)
		ExecutionOrderSort2 (0ms)
		AwakeInstancesAfterBackupRestoration (11ms)
Refreshing native plugins compatible for Editor in 2.75 ms, found 3 plugins.
Preloading 0 native plugins for Editor in 0.00 ms.
Unloading 3092 Unused Serialized files (Serialized files now loaded: 0)
Unloading 25 unused Assets / (369.5 KB). Loaded Objects now: 3610.
Memory consumption went from 128.8 MB to 128.4 MB.
Total: 3.491100 ms (FindLiveObjects: 0.299200 ms CreateObjectMapping: 0.230500 ms MarkObjects: 2.725700 ms  DeleteObjects: 0.232500 ms)

Prepare: number of updated asset objects reloaded= 0
AssetImportParameters requested are different than current active one (requested -> active):
  custom:container-demuxer-ogg: 62fdf1f143b41e24485cea50d1cbac27 -> 
  custom:video-decoder-ogg-theora: a1e56fd34408186e4bbccfd4996cb3dc -> 
  custom:framework-win-MediaFoundation: 216162199b28c13a410421893ffa2e32 -> 
  custom:CustomObjectIndexerAttribute: 9a22284fe3817be447336de3de66b15e -> 
  custom:container-demuxer-webm: 4f35f7cbe854078d1ac9338744f61a02 -> 
  custom:container-muxer-webm: aa71ff27fc2769a1b78a27578f13a17b -> 
  custom:video-decoder-webm-vp8: 9c59270c3fd7afecdb556c50c9e8de78 -> 
  custom:SearchIndexIgnoredProperties: e643bd26f0fe6173181afceb89e7c659 -> 
  custom:AudioImporter_EditorPlatform: d09bf68614088b80899f8185d706f6e7 -> 
  custom:video-encoder-webm-vp8: eb34c28f22e8b96e1ab97ce403110664 -> 
  custom:audio-decoder-ogg-vorbis: bf7c407c2cedff20999df2af8eb42d56 -> 
  custom:audio-encoder-webm-vorbis: bf7c407c2cedff20999df2af8eb42d56 -> 
========================================================================
Received Import Request.
  Time since last request: 194.026120 seconds.
  path: Assets/Supercyan Character Pack Zombie Sample/Models/Character_Pack_Zombie_Sample.FBX
  artifactKey: Guid(8c53cffd52097cf4582f0a090c9a833e) Importer(815301076,1909f56bfc062723c751e8b465ee728b)
Start importing Assets/Supercyan Character Pack Zombie Sample/Models/Character_Pack_Zombie_Sample.FBX using Guid(8c53cffd52097cf4582f0a090c9a833e) Importer(815301076,1909f56bfc062723c751e8b465ee728b)  -> (artifact id: '6ff61340281aa597d6d7e4b5222d0bab') in 0.156699 seconds
Number of updated asset objects reloaded before import = 0
Number of asset objects unloaded after import = 68
========================================================================
Received Import Request.
  Time since last request: 0.109496 seconds.
  path: Assets/Supercyan Character Pack Zombie Sample/Models/Character_Pack_Zombie_Sample.FBX
  artifactKey: Guid(8c53cffd52097cf4582f0a090c9a833e) Importer(815301076,1909f56bfc062723c751e8b465ee728b)
Start importing Assets/Supercyan Character Pack Zombie Sample/Models/Character_Pack_Zombie_Sample.FBX using Guid(8c53cffd52097cf4582f0a090c9a833e) Importer(815301076,1909f56bfc062723c751e8b465ee728b)  -> (artifact id: 'a25f0bcfa5e476f6976e80d8443e54d8') in 0.076727 seconds
Number of updated asset objects reloaded before import = 0
Number of asset objects unloaded after import = 68
========================================================================
Received Import Request.
  Time since last request: 0.000017 seconds.
  path: Assets/Supercyan Character Pack Zombie Sample/Models/Face.mat
  artifactKey: Guid(06b3b59b7076dd840b9c6c3b1edd7161) Importer(815301076,1909f56bfc062723c751e8b465ee728b)
Start importing Assets/Supercyan Character Pack Zombie Sample/Models/Face.mat using Guid(06b3b59b7076dd840b9c6c3b1edd7161) Importer(815301076,1909f56bfc062723c751e8b465ee728b)  -> (artifact id: 'ce74e83beb6ac151404871ab02aea90c') in 0.025672 seconds
Number of updated asset objects reloaded before import = 0
Number of asset objects unloaded after import = 1
========================================================================
Received Import Request.
  Time since last request: 20.193989 seconds.
  path: Assets/Supercyan Character Pack Zombie Sample/Models/Character_Pack_Zombie_Sample.FBX
  artifactKey: Guid(8c53cffd52097cf4582f0a090c9a833e) Importer(815301076,1909f56bfc062723c751e8b465ee728b)
Start importing Assets/Supercyan Character Pack Zombie Sample/Models/Character_Pack_Zombie_Sample.FBX using Guid(8c53cffd52097cf4582f0a090c9a833e) Importer(815301076,1909f56bfc062723c751e8b465ee728b)  -> (artifact id: '9058f809bac5d03323bbcf1bc6fe147f') in 0.033969 seconds
Number of updated asset objects reloaded before import = 0
Number of asset objects unloaded after import = 67
========================================================================
Received Import Request.
  Time since last request: 4.072152 seconds.
  path: Assets/Supercyan Character Pack Zombie Sample/Models/Character_Pack_Zombie_Sample.FBX
  artifactKey: Guid(8c53cffd52097cf4582f0a090c9a833e) Importer(815301076,1909f56bfc062723c751e8b465ee728b)
Start importing Assets/Supercyan Character Pack Zombie Sample/Models/Character_Pack_Zombie_Sample.FBX using Guid(8c53cffd52097cf4582f0a090c9a833e) Importer(815301076,1909f56bfc062723c751e8b465ee728b)  -> (artifact id: '1c2eec125742f47c704d1cee114bd7ef') in 0.029178 seconds
Number of updated asset objects reloaded before import = 0
Number of asset objects unloaded after import = 66
========================================================================
Received Import Request.
  Time since last request: 188.208296 seconds.
  path: Assets/Supercyan Character Pack Zombie Sample/Animations/mutant swiping.fbx
  artifactKey: Guid(228ad2ec7bc254e40810a52a1d4f349f) Importer(815301076,1909f56bfc062723c751e8b465ee728b)
Start importing Assets/Supercyan Character Pack Zombie Sample/Animations/mutant swiping.fbx using Guid(228ad2ec7bc254e40810a52a1d4f349f) Importer(815301076,1909f56bfc062723c751e8b465ee728b)  -> (artifact id: 'eb211a5454ec278ac4aba93b99b1b13e') in 0.006229 seconds
Number of updated asset objects reloaded before import = 0
Number of asset objects unloaded after import = 135
========================================================================
Received Import Request.
  Time since last request: 9.511747 seconds.
  path: Assets/Supercyan Character Pack Zombie Sample/Animations/mutant swiping.fbx
  artifactKey: Guid(228ad2ec7bc254e40810a52a1d4f349f) Importer(815301076,1909f56bfc062723c751e8b465ee728b)
Start importing Assets/Supercyan Character Pack Zombie Sample/Animations/mutant swiping.fbx using Guid(228ad2ec7bc254e40810a52a1d4f349f) Importer(815301076,1909f56bfc062723c751e8b465ee728b)  -> (artifact id: '9a349d15657d66ea142063fe196fbb00') in 0.004502 seconds
Number of updated asset objects reloaded before import = 0
Number of asset objects unloaded after import = 135
========================================================================
Received Import Request.
  Time since last request: 121.086122 seconds.
  path: Assets/Supercyan Character Pack Zombie Sample/Models/Character_Pack_Zombie_Sample.FBX
  artifactKey: Guid(8c53cffd52097cf4582f0a090c9a833e) Importer(815301076,1909f56bfc062723c751e8b465ee728b)
Start importing Assets/Supercyan Character Pack Zombie Sample/Models/Character_Pack_Zombie_Sample.FBX using Guid(8c53cffd52097cf4582f0a090c9a833e) Importer(815301076,1909f56bfc062723c751e8b465ee728b)  -> (artifact id: 'd39b8620b899cb6fc793dc4e28d42f5e') in 0.078121 seconds
Number of updated asset objects reloaded before import = 0
Number of asset objects unloaded after import = 66
========================================================================
Received Import Request.
  Time since last request: 81.380258 seconds.
  path: Assets/Supercyan Character Pack Zombie Sample/Animations/free_sample_zombie@zombie_death_standing.FBX
  artifactKey: Guid(ec13975053ac9b04ba71483c47d8eed6) Importer(815301076,1909f56bfc062723c751e8b465ee728b)
Start importing Assets/Supercyan Character Pack Zombie Sample/Animations/free_sample_zombie@zombie_death_standing.FBX using Guid(ec13975053ac9b04ba71483c47d8eed6) Importer(815301076,1909f56bfc062723c751e8b465ee728b)  -> (artifact id: '17c9d40825cdfd467aa70b662f43be62') in 0.004600 seconds
Number of updated asset objects reloaded before import = 0
Number of asset objects unloaded after import = 61
========================================================================
Received Import Request.
  Time since last request: 0.000019 seconds.
  path: Assets/Supercyan Character Pack Zombie Sample/Animations/free_sample_zombie@zombie_walk_forward.FBX
  artifactKey: Guid(834e65f16fa33e54da306a0c84cb2df6) Importer(815301076,1909f56bfc062723c751e8b465ee728b)
Start importing Assets/Supercyan Character Pack Zombie Sample/Animations/free_sample_zombie@zombie_walk_forward.FBX using Guid(834e65f16fa33e54da306a0c84cb2df6) Importer(815301076,1909f56bfc062723c751e8b465ee728b)  -> (artifact id: 'a2370f8ccef825b2f2a55b78e29ab2be') in 0.004467 seconds
Number of updated asset objects reloaded before import = 0
Number of asset objects unloaded after import = 61
========================================================================
Received Import Request.
  Time since last request: 0.000025 seconds.
  path: Assets/Supercyan Character Pack Zombie Sample/Animations/free_sample_zombie@zombie_walk_backwards.FBX
  artifactKey: Guid(170ca84ebfa7e0e42ba6f49d42cd0c51) Importer(815301076,1909f56bfc062723c751e8b465ee728b)
Start importing Assets/Supercyan Character Pack Zombie Sample/Animations/free_sample_zombie@zombie_walk_backwards.FBX using Guid(170ca84ebfa7e0e42ba6f49d42cd0c51) Importer(815301076,1909f56bfc062723c751e8b465ee728b)  -> (artifact id: '885b32fa3a57d8488242c0336b336327') in 0.004416 seconds
Number of updated asset objects reloaded before import = 0
Number of asset objects unloaded after import = 61
========================================================================
Received Import Request.
  Time since last request: 67.928604 seconds.
  path: Assets/Supercyan Character Pack Zombie Sample/Animations/mutant swiping.fbx
  artifactKey: Guid(228ad2ec7bc254e40810a52a1d4f349f) Importer(815301076,1909f56bfc062723c751e8b465ee728b)
Start importing Assets/Supercyan Character Pack Zombie Sample/Animations/mutant swiping.fbx using Guid(228ad2ec7bc254e40810a52a1d4f349f) Importer(815301076,1909f56bfc062723c751e8b465ee728b)  -> (artifact id: '1eef4a05756af95c0ff1f81c1f756c72') in 0.004293 seconds
Number of updated asset objects reloaded before import = 0
Number of asset objects unloaded after import = 135
========================================================================
Received Import Request.
  Time since last request: 13.142108 seconds.
  path: Assets/Supercyan Character Pack Zombie Sample/Animations/mutant swiping.fbx
  artifactKey: Guid(228ad2ec7bc254e40810a52a1d4f349f) Importer(815301076,1909f56bfc062723c751e8b465ee728b)
Start importing Assets/Supercyan Character Pack Zombie Sample/Animations/mutant swiping.fbx using Guid(228ad2ec7bc254e40810a52a1d4f349f) Importer(815301076,1909f56bfc062723c751e8b465ee728b)  -> (artifact id: 'cbda62d623a1be10651ad9ea2cee7dcd') in 0.003237 seconds
Number of updated asset objects reloaded before import = 0
Number of asset objects unloaded after import = 134
========================================================================
Received Import Request.
  Time since last request: 118.275003 seconds.
  path: Assets/Supercyan Character Pack Zombie Sample/Animations/Mutant Swiping.fbx
  artifactKey: Guid(228ad2ec7bc254e40810a52a1d4f349f) Importer(815301076,1909f56bfc062723c751e8b465ee728b)
Start importing Assets/Supercyan Character Pack Zombie Sample/Animations/Mutant Swiping.fbx using Guid(228ad2ec7bc254e40810a52a1d4f349f) Importer(815301076,1909f56bfc062723c751e8b465ee728b)  -> (artifact id: '5eacd1a9c42c466e77c051d7f80cf7b0') in 0.006663 seconds
Number of updated asset objects reloaded before import = 0
Number of asset objects unloaded after import = 135
========================================================================
Received Import Request.
  Time since last request: 11.108412 seconds.
  path: Assets/Supercyan Character Pack Zombie Sample/Animations/Mutant Swiping.fbx
  artifactKey: Guid(228ad2ec7bc254e40810a52a1d4f349f) Importer(815301076,1909f56bfc062723c751e8b465ee728b)
Start importing Assets/Supercyan Character Pack Zombie Sample/Animations/Mutant Swiping.fbx using Guid(228ad2ec7bc254e40810a52a1d4f349f) Importer(815301076,1909f56bfc062723c751e8b465ee728b)  -> (artifact id: '4d85e7479d94e64e736ce9107604760d') in 0.004132 seconds
Number of updated asset objects reloaded before import = 0
Number of asset objects unloaded after import = 134
========================================================================
Received Import Request.
  Time since last request: 47.815712 seconds.
  path: Assets/Supercyan Character Pack Zombie Sample/Animations/Mutant Swiping.fbx
  artifactKey: Guid(228ad2ec7bc254e40810a52a1d4f349f) Importer(815301076,1909f56bfc062723c751e8b465ee728b)
Start importing Assets/Supercyan Character Pack Zombie Sample/Animations/Mutant Swiping.fbx using Guid(228ad2ec7bc254e40810a52a1d4f349f) Importer(815301076,1909f56bfc062723c751e8b465ee728b)  -> (artifact id: '909ac2c69cf131200537642b310e4ae8') in 0.004923 seconds
Number of updated asset objects reloaded before import = 0
Number of asset objects unloaded after import = 137
========================================================================
Received Import Request.
  Time since last request: 130.078067 seconds.
  path: Assets/Supercyan Character Pack Zombie Sample/Prefabs/Base/Mobile/MobileFreeZombie.prefab
  artifactKey: Guid(e45a69c421144304c8d8176026d3fd7b) Importer(815301076,1909f56bfc062723c751e8b465ee728b)
Start importing Assets/Supercyan Character Pack Zombie Sample/Prefabs/Base/Mobile/MobileFreeZombie.prefab using Guid(e45a69c421144304c8d8176026d3fd7b) Importer(815301076,1909f56bfc062723c751e8b465ee728b)  -> (artifact id: 'e1392c2d18bc2570a54aefef961a25b7') in 0.183409 seconds
Number of updated asset objects reloaded before import = 0
Number of asset objects unloaded after import = 70
========================================================================
Received Import Request.
  Time since last request: 110.362800 seconds.
  path: Assets/Supercyan Character Pack Zombie Sample/Prefabs/SimpleMovement/Mobile
  artifactKey: Guid(69b726a217b61b2409e8a9e976867515) Importer(815301076,1909f56bfc062723c751e8b465ee728b)
Start importing Assets/Supercyan Character Pack Zombie Sample/Prefabs/SimpleMovement/Mobile using Guid(69b726a217b61b2409e8a9e976867515) Importer(815301076,1909f56bfc062723c751e8b465ee728b)  -> (artifact id: 'fc9581a07ee7f0549ed2f6a28fd6ad8b') in 0.001177 seconds
Number of updated asset objects reloaded before import = 0
Number of asset objects unloaded after import = 0
========================================================================
Received Import Request.
  Time since last request: 0.121071 seconds.
  path: Assets/Supercyan Character Pack Zombie Sample/Prefabs/SimpleMovement/Mobile/MobileFreeZombieSimpleMovement.prefab
  artifactKey: Guid(2869f50f08793594889040a0ec4b691e) Importer(815301076,1909f56bfc062723c751e8b465ee728b)
Start importing Assets/Supercyan Character Pack Zombie Sample/Prefabs/SimpleMovement/Mobile/MobileFreeZombieSimpleMovement.prefab using Guid(2869f50f08793594889040a0ec4b691e) Importer(815301076,1909f56bfc062723c751e8b465ee728b)  -> (artifact id: 'dbe2b0158f359e288463a5ef8144cf9d') in 0.042737 seconds
Number of updated asset objects reloaded before import = 0
Number of asset objects unloaded after import = 94
========================================================================
Received Import Request.
  Time since last request: 8.938972 seconds.
  path: Assets/Supercyan Character Pack Zombie Sample/Prefabs/Base/High Quality/FreeZombie.prefab
  artifactKey: Guid(0c74bed2ad49fad4d94fca86441ad49f) Importer(815301076,1909f56bfc062723c751e8b465ee728b)
Start importing Assets/Supercyan Character Pack Zombie Sample/Prefabs/Base/High Quality/FreeZombie.prefab using Guid(0c74bed2ad49fad4d94fca86441ad49f) Importer(815301076,1909f56bfc062723c751e8b465ee728b)  -> (artifact id: '465acf2641797b72d931dc2b3ca5f855') in 0.104988 seconds
Number of updated asset objects reloaded before import = 0
Number of asset objects unloaded after import = 70
========================================================================
Received Import Request.
  Time since last request: 219.742413 seconds.
  path: Assets/Supercyan Character Pack Zombie Sample/Zombie Sample Readme v2.1.pdf
  artifactKey: Guid(efc8346d7e3a08849978956ca802f756) Importer(815301076,1909f56bfc062723c751e8b465ee728b)
Start importing Assets/Supercyan Character Pack Zombie Sample/Zombie Sample Readme v2.1.pdf using Guid(efc8346d7e3a08849978956ca802f756) Importer(815301076,1909f56bfc062723c751e8b465ee728b)  -> (artifact id: '4b97115c706e6e70d24263acb104db9d') in 0.001438 seconds
Number of updated asset objects reloaded before import = 0
Number of asset objects unloaded after import = 1
