Using pre-set license
Built from '2022.3/staging' branch; Version is '2022.3.27f1 (73effa14754f) revision 7598074'; Using compiler version '192829333'; Build Type 'Release'
OS: 'Windows 10  (10.0.19045) 64bit Professional' Language: 'en' Physical Memory: 8064 MB
BatchMode: 1, IsHumanControllingUs: 0, StartBugReporterOnCrash: 0, Is64bit: 1, IsPro: 1

COMMAND LINE ARGUMENTS:
C:\Program Files\Unity Hub\2022.3.27f1\Editor\Unity.exe
-adb2
-batchMode
-noUpm
-name
AssetImportWorker1
-projectPath
E:/DEBI/unity/animation_attack
-logFile
Logs/AssetImportWorker1.log
-srvPort
53342
Successfully changed project path to: E:/DEBI/unity/animation_attack
E:/DEBI/unity/animation_attack
[UnityMemory] Configuration Parameters - Can be set up in boot.config
    "memorysetup-bucket-allocator-granularity=16"
    "memorysetup-bucket-allocator-bucket-count=8"
    "memorysetup-bucket-allocator-block-size=33554432"
    "memorysetup-bucket-allocator-block-count=8"
    "memorysetup-main-allocator-block-size=16777216"
    "memorysetup-thread-allocator-block-size=16777216"
    "memorysetup-gfx-main-allocator-block-size=16777216"
    "memorysetup-gfx-thread-allocator-block-size=16777216"
    "memorysetup-cache-allocator-block-size=4194304"
    "memorysetup-typetree-allocator-block-size=2097152"
    "memorysetup-profiler-bucket-allocator-granularity=16"
    "memorysetup-profiler-bucket-allocator-bucket-count=8"
    "memorysetup-profiler-bucket-allocator-block-size=33554432"
    "memorysetup-profiler-bucket-allocator-block-count=8"
    "memorysetup-profiler-allocator-block-size=16777216"
    "memorysetup-profiler-editor-allocator-block-size=1048576"
    "memorysetup-temp-allocator-size-main=16777216"
    "memorysetup-job-temp-allocator-block-size=2097152"
    "memorysetup-job-temp-allocator-block-size-background=1048576"
    "memorysetup-job-temp-allocator-reduction-small-platforms=262144"
    "memorysetup-allocator-temp-initial-block-size-main=262144"
    "memorysetup-allocator-temp-initial-block-size-worker=262144"
    "memorysetup-temp-allocator-size-background-worker=32768"
    "memorysetup-temp-allocator-size-job-worker=262144"
    "memorysetup-temp-allocator-size-preload-manager=33554432"
    "memorysetup-temp-allocator-size-nav-mesh-worker=65536"
    "memorysetup-temp-allocator-size-audio-worker=65536"
    "memorysetup-temp-allocator-size-cloud-worker=32768"
    "memorysetup-temp-allocator-size-gi-baking-worker=262144"
    "memorysetup-temp-allocator-size-gfx=262144"
Player connection [132] Host "[IP] 192.168.1.8 [Port] 0 [Flags] 2 [Guid] 2417488379 [EditorId] 2417488379 [Version] 1048832 [Id] WindowsEditor(7,DESKTOP-897APN4) [Debug] 1 [PackageName] WindowsEditor [ProjectName] Editor" joined multi-casting on [225.0.0.222:54997]...

Player connection [132] Host "[IP] 192.168.1.8 [Port] 0 [Flags] 2 [Guid] 2417488379 [EditorId] 2417488379 [Version] 1048832 [Id] WindowsEditor(7,DESKTOP-897APN4) [Debug] 1 [PackageName] WindowsEditor [ProjectName] Editor" joined alternative multi-casting on [225.0.0.222:34997]...

[Physics::Module] Initialized MultithreadedJobDispatcher with 7 workers.
Refreshing native plugins compatible for Editor in 367.59 ms, found 3 plugins.
Preloading 0 native plugins for Editor in 0.00 ms.
Initialize engine version: 2022.3.27f1 (73effa14754f)
[Subsystems] Discovering subsystems at path C:/Program Files/Unity Hub/2022.3.27f1/Editor/Data/Resources/UnitySubsystems
[Subsystems] Discovering subsystems at path E:/DEBI/unity/animation_attack/Assets
GfxDevice: creating device client; threaded=0; jobified=0
Direct3D:
    Version:  Direct3D 11.0 [level 11.0]
    Renderer: NVIDIA GeForce MX130 (ID=0x174d)
    Vendor:   NVIDIA
    VRAM:     4054 MB
    Driver:   31.0.15.3667
Initialize mono
Mono path[0] = 'C:/Program Files/Unity Hub/2022.3.27f1/Editor/Data/Managed'
Mono path[1] = 'C:/Program Files/Unity Hub/2022.3.27f1/Editor/Data/MonoBleedingEdge/lib/mono/unityjit-win32'
Mono config path = 'C:/Program Files/Unity Hub/2022.3.27f1/Editor/Data/MonoBleedingEdge/etc'
Using monoOptions --debugger-agent=transport=dt_socket,embedding=1,server=y,suspend=n,address=127.0.0.1:56920
Begin MonoManager ReloadAssembly
Registering precompiled unity dll's ...
Register platform support module: C:/Program Files/Unity Hub/2022.3.27f1/Editor/Data/PlaybackEngines/WebGLSupport/UnityEditor.WebGL.Extensions.dll
Register platform support module: C:/Program Files/Unity Hub/2022.3.27f1/Editor/Data/PlaybackEngines/WindowsStandaloneSupport/UnityEditor.WindowsStandalone.Extensions.dll
Registered in 0.016184 seconds.
- Loaded All Assemblies, in  0.635 seconds
Native extension for WindowsStandalone target not found
Native extension for WebGL target not found
Mono: successfully reloaded assembly
- Finished resetting the current domain, in  0.445 seconds
Domain Reload Profiling: 1077ms
	BeginReloadAssembly (242ms)
		ExecutionOrderSort (0ms)
		DisableScriptedObjects (0ms)
		BackupInstance (0ms)
		ReleaseScriptingObjects (0ms)
		CreateAndSetChildDomain (1ms)
	RebuildCommonClasses (53ms)
	RebuildNativeTypeToScriptingClass (14ms)
	initialDomainReloadingComplete (92ms)
	LoadAllAssembliesAndSetupDomain (230ms)
		LoadAssemblies (238ms)
		RebuildTransferFunctionScriptingTraits (0ms)
		AnalyzeDomain (227ms)
			TypeCache.Refresh (224ms)
				TypeCache.ScanAssembly (196ms)
			ScanForSourceGeneratedMonoScriptInfo (1ms)
			ResolveRequiredComponents (1ms)
	FinalizeReload (445ms)
		ReleaseScriptCaches (0ms)
		RebuildScriptCaches (0ms)
		SetupLoadedEditorAssemblies (359ms)
			LogAssemblyErrors (0ms)
			InitializePlatformSupportModulesInManaged (15ms)
			SetLoadedEditorAssemblies (7ms)
			RefreshPlugins (0ms)
			BeforeProcessingInitializeOnLoad (4ms)
			ProcessInitializeOnLoadAttributes (223ms)
			ProcessInitializeOnLoadMethodAttributes (110ms)
			AfterProcessingInitializeOnLoad (0ms)
			EditorAssembliesLoaded (0ms)
		ExecutionOrderSort2 (0ms)
		AwakeInstancesAfterBackupRestoration (0ms)
========================================================================
Worker process is ready to serve import requests
Begin MonoManager ReloadAssembly
- Loaded All Assemblies, in  2.074 seconds
Refreshing native plugins compatible for Editor in 5.90 ms, found 3 plugins.
Native extension for WindowsStandalone target not found
Native extension for WebGL target not found
Package Manager log level set to [2]
[Package Manager] Server::EnsureServerProcessIsRunning -- launch failed, reason: Unity was launched with the -noUpm command-line argument
[Package Manager] UpmClient::Send -- Unable to send message (not connected to UPM process).
[Package Manager] Cannot connect to Unity Package Manager local server
Mono: successfully reloaded assembly
- Finished resetting the current domain, in  1.698 seconds
Domain Reload Profiling: 3769ms
	BeginReloadAssembly (305ms)
		ExecutionOrderSort (0ms)
		DisableScriptedObjects (12ms)
		BackupInstance (0ms)
		ReleaseScriptingObjects (0ms)
		CreateAndSetChildDomain (45ms)
	RebuildCommonClasses (62ms)
	RebuildNativeTypeToScriptingClass (23ms)
	initialDomainReloadingComplete (69ms)
	LoadAllAssembliesAndSetupDomain (1610ms)
		LoadAssemblies (1335ms)
		RebuildTransferFunctionScriptingTraits (0ms)
		AnalyzeDomain (451ms)
			TypeCache.Refresh (400ms)
				TypeCache.ScanAssembly (364ms)
			ScanForSourceGeneratedMonoScriptInfo (35ms)
			ResolveRequiredComponents (13ms)
	FinalizeReload (1699ms)
		ReleaseScriptCaches (0ms)
		RebuildScriptCaches (0ms)
		SetupLoadedEditorAssemblies (1331ms)
			LogAssemblyErrors (0ms)
			InitializePlatformSupportModulesInManaged (19ms)
			SetLoadedEditorAssemblies (7ms)
			RefreshPlugins (0ms)
			BeforeProcessingInitializeOnLoad (147ms)
			ProcessInitializeOnLoadAttributes (1069ms)
			ProcessInitializeOnLoadMethodAttributes (64ms)
			AfterProcessingInitializeOnLoad (23ms)
			EditorAssembliesLoaded (0ms)
		ExecutionOrderSort2 (0ms)
		AwakeInstancesAfterBackupRestoration (18ms)
Launched and connected shader compiler UnityShaderCompiler.exe after 0.11 seconds
Refreshing native plugins compatible for Editor in 7.81 ms, found 3 plugins.
Preloading 0 native plugins for Editor in 0.00 ms.
Unloading 3099 Unused Serialized files (Serialized files now loaded: 0)
Unloading 33 unused Assets / (57.5 KB). Loaded Objects now: 3561.
Memory consumption went from 123.1 MB to 123.0 MB.
Total: 7.527100 ms (FindLiveObjects: 0.490300 ms CreateObjectMapping: 0.493100 ms MarkObjects: 6.291100 ms  DeleteObjects: 0.250800 ms)

AssetImportParameters requested are different than current active one (requested -> active):
  custom:container-demuxer-ogg: 62fdf1f143b41e24485cea50d1cbac27 -> 
  custom:video-decoder-ogg-theora: a1e56fd34408186e4bbccfd4996cb3dc -> 
  custom:framework-win-MediaFoundation: 216162199b28c13a410421893ffa2e32 -> 
  custom:CustomObjectIndexerAttribute: 9a22284fe3817be447336de3de66b15e -> 
  custom:container-demuxer-webm: 4f35f7cbe854078d1ac9338744f61a02 -> 
  custom:container-muxer-webm: aa71ff27fc2769a1b78a27578f13a17b -> 
  custom:video-decoder-webm-vp8: 9c59270c3fd7afecdb556c50c9e8de78 -> 
  custom:SearchIndexIgnoredProperties: e643bd26f0fe6173181afceb89e7c659 -> 
  custom:AudioImporter_EditorPlatform: d09bf68614088b80899f8185d706f6e7 -> 
  custom:video-encoder-webm-vp8: eb34c28f22e8b96e1ab97ce403110664 -> 
  custom:audio-decoder-ogg-vorbis: bf7c407c2cedff20999df2af8eb42d56 -> 
  custom:audio-encoder-webm-vorbis: bf7c407c2cedff20999df2af8eb42d56 -> 
========================================================================
Received Import Request.
  Time since last request: 442162.107083 seconds.
  path: Assets/Supercyan Character Pack Zombie Sample/Models
  artifactKey: Guid(e49518ac9f5dc65498ba5a8f8aa38300) Importer(815301076,1909f56bfc062723c751e8b465ee728b)
Start importing Assets/Supercyan Character Pack Zombie Sample/Models using Guid(e49518ac9f5dc65498ba5a8f8aa38300) Importer(815301076,1909f56bfc062723c751e8b465ee728b)  -> (artifact id: '9ab3046695aefc8c8bb1ebf96a2b89ce') in 0.004410 seconds
Number of updated asset objects reloaded before import = 0
Number of asset objects unloaded after import = 0
========================================================================
Received Import Request.
  Time since last request: 0.000071 seconds.
  path: Assets/Supercyan Character Pack Zombie Sample
  artifactKey: Guid(179c0578e28d2144595f956f5f5899bf) Importer(815301076,1909f56bfc062723c751e8b465ee728b)
Start importing Assets/Supercyan Character Pack Zombie Sample using Guid(179c0578e28d2144595f956f5f5899bf) Importer(815301076,1909f56bfc062723c751e8b465ee728b)  -> (artifact id: 'cb9db80919ac0cba3b2f71ee5010dee2') in 0.000980 seconds
Number of updated asset objects reloaded before import = 0
Number of asset objects unloaded after import = 0
========================================================================
Received Import Request.
  Time since last request: 0.000078 seconds.
  path: Assets/Supercyan Character Pack Zombie Sample/Textures/free_zombie_body_diffuse.psd
  artifactKey: Guid(07e331a1e9c6d9d4493d1e1b6996c5ab) Importer(815301076,1909f56bfc062723c751e8b465ee728b)
Start importing Assets/Supercyan Character Pack Zombie Sample/Textures/free_zombie_body_diffuse.psd using Guid(07e331a1e9c6d9d4493d1e1b6996c5ab) Importer(815301076,1909f56bfc062723c751e8b465ee728b)  -> (artifact id: '4a865b6304559875c01d89da7760bd0b') in 0.168439 seconds
Number of updated asset objects reloaded before import = 0
Number of asset objects unloaded after import = 2
========================================================================
Received Import Request.
  Time since last request: 0.000033 seconds.
  path: Assets/Supercyan Character Pack Zombie Sample/Textures/free_zombie_head_diffuse.psd
  artifactKey: Guid(7c55760883dbbb94ba596e38d2de2ca8) Importer(815301076,1909f56bfc062723c751e8b465ee728b)
Start importing Assets/Supercyan Character Pack Zombie Sample/Textures/free_zombie_head_diffuse.psd using Guid(7c55760883dbbb94ba596e38d2de2ca8) Importer(815301076,1909f56bfc062723c751e8b465ee728b)  -> (artifact id: '5b2d26a916a9c29b60cc424896b790e0') in 0.024507 seconds
Number of updated asset objects reloaded before import = 0
Number of asset objects unloaded after import = 2
========================================================================
Received Import Request.
  Time since last request: 0.000034 seconds.
  path: Assets/Supercyan Character Pack Zombie Sample/Materials/Mobile
  artifactKey: Guid(b9b12f5e747e2ca43a09ae362dadd412) Importer(815301076,1909f56bfc062723c751e8b465ee728b)
Start importing Assets/Supercyan Character Pack Zombie Sample/Materials/Mobile using Guid(b9b12f5e747e2ca43a09ae362dadd412) Importer(815301076,1909f56bfc062723c751e8b465ee728b)  -> (artifact id: '77ae303286f2f2a49fa00839178e3308') in 0.000681 seconds
Number of updated asset objects reloaded before import = 0
Number of asset objects unloaded after import = 0
========================================================================
Received Import Request.
  Time since last request: 0.000036 seconds.
  path: Assets/Supercyan Character Pack Zombie Sample/Materials
  artifactKey: Guid(b23951217ab257b4bb9ca89398cfba76) Importer(815301076,1909f56bfc062723c751e8b465ee728b)
Start importing Assets/Supercyan Character Pack Zombie Sample/Materials using Guid(b23951217ab257b4bb9ca89398cfba76) Importer(815301076,1909f56bfc062723c751e8b465ee728b)  -> (artifact id: 'a79af2cd222d9a43f3ae325574e8de93') in 0.001283 seconds
Number of updated asset objects reloaded before import = 0
Number of asset objects unloaded after import = 0
========================================================================
Received Import Request.
  Time since last request: 0.000133 seconds.
  path: Assets/Supercyan Character Pack Zombie Sample/Models/Character_Pack_Zombie_Sample.FBX
  artifactKey: Guid(8c53cffd52097cf4582f0a090c9a833e) Importer(815301076,1909f56bfc062723c751e8b465ee728b)
Start importing Assets/Supercyan Character Pack Zombie Sample/Models/Character_Pack_Zombie_Sample.FBX using Guid(8c53cffd52097cf4582f0a090c9a833e) Importer(815301076,1909f56bfc062723c751e8b465ee728b)  -> (artifact id: '79f4c13424d775430868d0981c24faf0') in 0.187247 seconds
Number of updated asset objects reloaded before import = 0
Number of asset objects unloaded after import = 66
========================================================================
Received Import Request.
  Time since last request: 6.362793 seconds.
  path: Assets/Supercyan Character Pack Zombie Sample/Animations/free_sample_zombie@zombie_death_standing.FBX
  artifactKey: Guid(ec13975053ac9b04ba71483c47d8eed6) Importer(815301076,1909f56bfc062723c751e8b465ee728b)
Start importing Assets/Supercyan Character Pack Zombie Sample/Animations/free_sample_zombie@zombie_death_standing.FBX using Guid(ec13975053ac9b04ba71483c47d8eed6) Importer(815301076,1909f56bfc062723c751e8b465ee728b)  -> (artifact id: 'ad3b4d14796c2eb4e909bab0d6652d62') in 0.008299 seconds
Number of updated asset objects reloaded before import = 0
Number of asset objects unloaded after import = 61
========================================================================
Received Import Request.
  Time since last request: 0.000013 seconds.
  path: Assets/Supercyan Character Pack Zombie Sample/Animations/free_sample_zombie@zombie_walk_forward.FBX
  artifactKey: Guid(834e65f16fa33e54da306a0c84cb2df6) Importer(815301076,1909f56bfc062723c751e8b465ee728b)
Start importing Assets/Supercyan Character Pack Zombie Sample/Animations/free_sample_zombie@zombie_walk_forward.FBX using Guid(834e65f16fa33e54da306a0c84cb2df6) Importer(815301076,1909f56bfc062723c751e8b465ee728b)  -> (artifact id: 'a1943d0b263d2bf910fa8562f02b3e8a') in 0.003084 seconds
Number of updated asset objects reloaded before import = 0
Number of asset objects unloaded after import = 61
========================================================================
Received Import Request.
  Time since last request: 0.000029 seconds.
  path: Assets/Supercyan Character Pack Zombie Sample/Animations/free_sample_zombie@zombie_idle.FBX
  artifactKey: Guid(0aaab721d87c3d84daddd7c7a85d44fd) Importer(815301076,1909f56bfc062723c751e8b465ee728b)
Start importing Assets/Supercyan Character Pack Zombie Sample/Animations/free_sample_zombie@zombie_idle.FBX using Guid(0aaab721d87c3d84daddd7c7a85d44fd) Importer(815301076,1909f56bfc062723c751e8b465ee728b)  -> (artifact id: '2a4b24c6ffc77aa67deaf57b3f685c36') in 0.005222 seconds
Number of updated asset objects reloaded before import = 0
Number of asset objects unloaded after import = 61
========================================================================
Received Import Request.
  Time since last request: 45.710900 seconds.
  path: Assets/Supercyan Character Pack Zombie Sample/Prefabs/Base/Mobile/MobileFreeZombie.prefab
  artifactKey: Guid(e45a69c421144304c8d8176026d3fd7b) Importer(815301076,1909f56bfc062723c751e8b465ee728b)
Start importing Assets/Supercyan Character Pack Zombie Sample/Prefabs/Base/Mobile/MobileFreeZombie.prefab using Guid(e45a69c421144304c8d8176026d3fd7b) Importer(815301076,1909f56bfc062723c751e8b465ee728b)  -> (artifact id: '9c77e41b035430dd5ee0e06d5d3c540a') in 0.107231 seconds
Number of updated asset objects reloaded before import = 0
Number of asset objects unloaded after import = 70
========================================================================
Received Import Request.
  Time since last request: 192.935128 seconds.
  path: Assets/Supercyan Character Pack Zombie Sample/Prefabs/SimpleMovement/Mobile/MobileFreeZombieSimpleMovement.prefab
  artifactKey: Guid(2869f50f08793594889040a0ec4b691e) Importer(815301076,1909f56bfc062723c751e8b465ee728b)
Start importing Assets/Supercyan Character Pack Zombie Sample/Prefabs/SimpleMovement/Mobile/MobileFreeZombieSimpleMovement.prefab using Guid(2869f50f08793594889040a0ec4b691e) Importer(815301076,1909f56bfc062723c751e8b465ee728b)  -> (artifact id: '6e26744cf5bd5682ee86437345d96183') in 0.026767 seconds
Number of updated asset objects reloaded before import = 0
Number of asset objects unloaded after import = 82
========================================================================
Received Prepare
Begin MonoManager ReloadAssembly
- Loaded All Assemblies, in  0.515 seconds
Refreshing native plugins compatible for Editor in 1.93 ms, found 3 plugins.
Native extension for WindowsStandalone target not found
Native extension for WebGL target not found
[Package Manager] Server::EnsureServerProcessIsRunning -- launch failed, reason: Unity was launched with the -noUpm command-line argument
[Package Manager] UpmClient::Send -- Unable to send message (not connected to UPM process).
[Package Manager] Cannot connect to Unity Package Manager local server
Mono: successfully reloaded assembly
- Finished resetting the current domain, in  0.934 seconds
Domain Reload Profiling: 1447ms
	BeginReloadAssembly (168ms)
		ExecutionOrderSort (0ms)
		DisableScriptedObjects (5ms)
		BackupInstance (0ms)
		ReleaseScriptingObjects (0ms)
		CreateAndSetChildDomain (37ms)
	RebuildCommonClasses (44ms)
	RebuildNativeTypeToScriptingClass (12ms)
	initialDomainReloadingComplete (30ms)
	LoadAllAssembliesAndSetupDomain (258ms)
		LoadAssemblies (320ms)
		RebuildTransferFunctionScriptingTraits (0ms)
		AnalyzeDomain (32ms)
			TypeCache.Refresh (12ms)
				TypeCache.ScanAssembly (0ms)
			ScanForSourceGeneratedMonoScriptInfo (10ms)
			ResolveRequiredComponents (8ms)
	FinalizeReload (935ms)
		ReleaseScriptCaches (0ms)
		RebuildScriptCaches (0ms)
		SetupLoadedEditorAssemblies (423ms)
			LogAssemblyErrors (0ms)
			InitializePlatformSupportModulesInManaged (7ms)
			SetLoadedEditorAssemblies (5ms)
			RefreshPlugins (0ms)
			BeforeProcessingInitializeOnLoad (58ms)
			ProcessInitializeOnLoadAttributes (317ms)
			ProcessInitializeOnLoadMethodAttributes (27ms)
			AfterProcessingInitializeOnLoad (9ms)
			EditorAssembliesLoaded (0ms)
		ExecutionOrderSort2 (0ms)
		AwakeInstancesAfterBackupRestoration (7ms)
Refreshing native plugins compatible for Editor in 2.71 ms, found 3 plugins.
Preloading 0 native plugins for Editor in 0.00 ms.
Unloading 3086 Unused Serialized files (Serialized files now loaded: 0)
Unloading 26 unused Assets / (32.2 KB). Loaded Objects now: 3578.
Memory consumption went from 127.8 MB to 127.8 MB.
Total: 3.040800 ms (FindLiveObjects: 0.341400 ms CreateObjectMapping: 0.331400 ms MarkObjects: 2.312500 ms  DeleteObjects: 0.054400 ms)

Prepare: number of updated asset objects reloaded= 2
AssetImportParameters requested are different than current active one (requested -> active):
  custom:container-demuxer-ogg: 62fdf1f143b41e24485cea50d1cbac27 -> 
  custom:video-decoder-ogg-theora: a1e56fd34408186e4bbccfd4996cb3dc -> 
  custom:framework-win-MediaFoundation: 216162199b28c13a410421893ffa2e32 -> 
  custom:CustomObjectIndexerAttribute: 9a22284fe3817be447336de3de66b15e -> 
  custom:container-demuxer-webm: 4f35f7cbe854078d1ac9338744f61a02 -> 
  custom:container-muxer-webm: aa71ff27fc2769a1b78a27578f13a17b -> 
  custom:video-decoder-webm-vp8: 9c59270c3fd7afecdb556c50c9e8de78 -> 
  custom:SearchIndexIgnoredProperties: e643bd26f0fe6173181afceb89e7c659 -> 
  custom:AudioImporter_EditorPlatform: d09bf68614088b80899f8185d706f6e7 -> 
  custom:video-encoder-webm-vp8: eb34c28f22e8b96e1ab97ce403110664 -> 
  custom:audio-decoder-ogg-vorbis: bf7c407c2cedff20999df2af8eb42d56 -> 
  custom:audio-encoder-webm-vorbis: bf7c407c2cedff20999df2af8eb42d56 -> 
========================================================================
Received Prepare
Begin MonoManager ReloadAssembly
- Loaded All Assemblies, in  0.533 seconds
Refreshing native plugins compatible for Editor in 2.40 ms, found 3 plugins.
Native extension for WindowsStandalone target not found
Native extension for WebGL target not found
[Package Manager] Server::EnsureServerProcessIsRunning -- launch failed, reason: Unity was launched with the -noUpm command-line argument
[Package Manager] UpmClient::Send -- Unable to send message (not connected to UPM process).
[Package Manager] Cannot connect to Unity Package Manager local server
Mono: successfully reloaded assembly
- Finished resetting the current domain, in  0.911 seconds
Domain Reload Profiling: 1442ms
	BeginReloadAssembly (182ms)
		ExecutionOrderSort (0ms)
		DisableScriptedObjects (6ms)
		BackupInstance (0ms)
		ReleaseScriptingObjects (0ms)
		CreateAndSetChildDomain (40ms)
	RebuildCommonClasses (51ms)
	RebuildNativeTypeToScriptingClass (14ms)
	initialDomainReloadingComplete (32ms)
	LoadAllAssembliesAndSetupDomain (251ms)
		LoadAssemblies (330ms)
		RebuildTransferFunctionScriptingTraits (0ms)
		AnalyzeDomain (25ms)
			TypeCache.Refresh (10ms)
				TypeCache.ScanAssembly (0ms)
			ScanForSourceGeneratedMonoScriptInfo (7ms)
			ResolveRequiredComponents (6ms)
	FinalizeReload (911ms)
		ReleaseScriptCaches (0ms)
		RebuildScriptCaches (0ms)
		SetupLoadedEditorAssemblies (441ms)
			LogAssemblyErrors (0ms)
			InitializePlatformSupportModulesInManaged (9ms)
			SetLoadedEditorAssemblies (4ms)
			RefreshPlugins (0ms)
			BeforeProcessingInitializeOnLoad (64ms)
			ProcessInitializeOnLoadAttributes (321ms)
			ProcessInitializeOnLoadMethodAttributes (30ms)
			AfterProcessingInitializeOnLoad (13ms)
			EditorAssembliesLoaded (0ms)
		ExecutionOrderSort2 (0ms)
		AwakeInstancesAfterBackupRestoration (12ms)
Refreshing native plugins compatible for Editor in 3.41 ms, found 3 plugins.
Preloading 0 native plugins for Editor in 0.00 ms.
Unloading 3091 Unused Serialized files (Serialized files now loaded: 0)
Unloading 25 unused Assets / (0.7 MB). Loaded Objects now: 3582.
Memory consumption went from 128.5 MB to 127.9 MB.
Total: 3.834700 ms (FindLiveObjects: 0.329400 ms CreateObjectMapping: 0.298600 ms MarkObjects: 2.798100 ms  DeleteObjects: 0.407600 ms)

Prepare: number of updated asset objects reloaded= 0
AssetImportParameters requested are different than current active one (requested -> active):
  custom:container-demuxer-ogg: 62fdf1f143b41e24485cea50d1cbac27 -> 
  custom:video-decoder-ogg-theora: a1e56fd34408186e4bbccfd4996cb3dc -> 
  custom:framework-win-MediaFoundation: 216162199b28c13a410421893ffa2e32 -> 
  custom:CustomObjectIndexerAttribute: 9a22284fe3817be447336de3de66b15e -> 
  custom:container-demuxer-webm: 4f35f7cbe854078d1ac9338744f61a02 -> 
  custom:container-muxer-webm: aa71ff27fc2769a1b78a27578f13a17b -> 
  custom:video-decoder-webm-vp8: 9c59270c3fd7afecdb556c50c9e8de78 -> 
  custom:SearchIndexIgnoredProperties: e643bd26f0fe6173181afceb89e7c659 -> 
  custom:AudioImporter_EditorPlatform: d09bf68614088b80899f8185d706f6e7 -> 
  custom:video-encoder-webm-vp8: eb34c28f22e8b96e1ab97ce403110664 -> 
  custom:audio-decoder-ogg-vorbis: bf7c407c2cedff20999df2af8eb42d56 -> 
  custom:audio-encoder-webm-vorbis: bf7c407c2cedff20999df2af8eb42d56 -> 
========================================================================
Received Import Request.
  Time since last request: 194.323084 seconds.
  path: Assets/Supercyan Character Pack Zombie Sample/Models/Body.mat
  artifactKey: Guid(3d4fe3c591d2eb14c8f2e5fdbb228042) Importer(815301076,1909f56bfc062723c751e8b465ee728b)
Start importing Assets/Supercyan Character Pack Zombie Sample/Models/Body.mat using Guid(3d4fe3c591d2eb14c8f2e5fdbb228042) Importer(815301076,1909f56bfc062723c751e8b465ee728b)  -> (artifact id: '69d8e48893c9d5da88ef3a57462574b1') in 0.174240 seconds
Number of updated asset objects reloaded before import = 0
Number of asset objects unloaded after import = 1
========================================================================
Received Import Request.
  Time since last request: 424.836437 seconds.
  path: Assets/Supercyan Character Pack Zombie Sample/Animations/free_sample_zombie@zombie_attack.FBX
  artifactKey: Guid(31c1a2a498086974eaa9d10c7f42d24d) Importer(815301076,1909f56bfc062723c751e8b465ee728b)
Start importing Assets/Supercyan Character Pack Zombie Sample/Animations/free_sample_zombie@zombie_attack.FBX using Guid(31c1a2a498086974eaa9d10c7f42d24d) Importer(815301076,1909f56bfc062723c751e8b465ee728b)  -> (artifact id: '458ad21fabf0cfca98cfff2bef17d09b') in 0.012728 seconds
Number of updated asset objects reloaded before import = 0
Number of asset objects unloaded after import = 61
========================================================================
Received Import Request.
  Time since last request: 0.000032 seconds.
  path: Assets/Supercyan Character Pack Zombie Sample/Animations/mutant swiping.fbx
  artifactKey: Guid(228ad2ec7bc254e40810a52a1d4f349f) Importer(815301076,1909f56bfc062723c751e8b465ee728b)
Start importing Assets/Supercyan Character Pack Zombie Sample/Animations/mutant swiping.fbx using Guid(228ad2ec7bc254e40810a52a1d4f349f) Importer(815301076,1909f56bfc062723c751e8b465ee728b)  -> (artifact id: 'b445e9a6260d054b0d96ef023f41b182') in 0.004595 seconds
Number of updated asset objects reloaded before import = 0
Number of asset objects unloaded after import = 134
========================================================================
Received Import Request.
  Time since last request: 0.000050 seconds.
  path: Assets/Supercyan Character Pack Zombie Sample/Animations/free_sample_zombie@zombie_idle.FBX
  artifactKey: Guid(0aaab721d87c3d84daddd7c7a85d44fd) Importer(815301076,1909f56bfc062723c751e8b465ee728b)
Start importing Assets/Supercyan Character Pack Zombie Sample/Animations/free_sample_zombie@zombie_idle.FBX using Guid(0aaab721d87c3d84daddd7c7a85d44fd) Importer(815301076,1909f56bfc062723c751e8b465ee728b)  -> (artifact id: '1a1a5a0aa215a0d71bac900d16e5baf1') in 0.006255 seconds
Number of updated asset objects reloaded before import = 0
Number of asset objects unloaded after import = 61
========================================================================
Received Import Request.
  Time since last request: 508.145093 seconds.
  path: Assets/Supercyan Character Pack Zombie Sample/Prefabs/SimpleMovement/High Quality/FreeZombieSimpleMovement.prefab
  artifactKey: Guid(a8145fd98e506094980d05080bde9072) Importer(815301076,1909f56bfc062723c751e8b465ee728b)
Start importing Assets/Supercyan Character Pack Zombie Sample/Prefabs/SimpleMovement/High Quality/FreeZombieSimpleMovement.prefab using Guid(a8145fd98e506094980d05080bde9072) Importer(815301076,1909f56bfc062723c751e8b465ee728b)  -> (artifact id: '147e3281c8b9e936fd0fb5e2a9558b4e') in 0.258156 seconds
Number of updated asset objects reloaded before import = 0
Number of asset objects unloaded after import = 95
